{"/Users/khushilohan/Desktop/clg_project/backend/middleware/auth.js": {"path":"/Users/khushilohan/Desktop/clg_project/backend/middleware/auth.js","statementMap":{"0":{"start":{"line":5,"column":23},"end":{"line":35,"column":1}},"1":{"start":{"line":8,"column":2},"end":{"line":34,"column":3}},"2":{"start":{"line":9,"column":4},"end":{"line":31,"column":5}},"3":{"start":{"line":11,"column":6},"end":{"line":11,"column":54}},"4":{"start":{"line":14,"column":22},"end":{"line":14,"column":63}},"5":{"start":{"line":17,"column":6},"end":{"line":17,"column":86}},"6":{"start":{"line":19,"column":6},"end":{"line":21,"column":7}},"7":{"start":{"line":20,"column":8},"end":{"line":20,"column":67}},"8":{"start":{"line":23,"column":6},"end":{"line":25,"column":7}},"9":{"start":{"line":24,"column":8},"end":{"line":24,"column":80}},"10":{"start":{"line":27,"column":6},"end":{"line":27,"column":13}},"11":{"start":{"line":29,"column":6},"end":{"line":29,"column":42}},"12":{"start":{"line":30,"column":6},"end":{"line":30,"column":79}},"13":{"start":{"line":33,"column":4},"end":{"line":33,"column":73}},"14":{"start":{"line":38,"column":25},"end":{"line":54,"column":1}},"15":{"start":{"line":39,"column":2},"end":{"line":53,"column":4}},"16":{"start":{"line":40,"column":4},"end":{"line":42,"column":5}},"17":{"start":{"line":41,"column":6},"end":{"line":41,"column":65}},"18":{"start":{"line":44,"column":21},"end":{"line":44,"column":40}},"19":{"start":{"line":46,"column":4},"end":{"line":50,"column":5}},"20":{"start":{"line":47,"column":6},"end":{"line":49,"column":9}},"21":{"start":{"line":52,"column":4},"end":{"line":52,"column":11}}},"fnMap":{"0":{"name":"(anonymous_0)","decl":{"start":{"line":5,"column":23},"end":{"line":5,"column":24}},"loc":{"start":{"line":5,"column":49},"end":{"line":35,"column":1}},"line":5},"1":{"name":"(anonymous_1)","decl":{"start":{"line":38,"column":25},"end":{"line":38,"column":26}},"loc":{"start":{"line":38,"column":39},"end":{"line":54,"column":1}},"line":38},"2":{"name":"(anonymous_2)","decl":{"start":{"line":39,"column":9},"end":{"line":39,"column":10}},"loc":{"start":{"line":39,"column":35},"end":{"line":53,"column":3}},"line":39}},"branchMap":{"0":{"loc":{"start":{"line":8,"column":2},"end":{"line":34,"column":3}},"type":"if","locations":[{"start":{"line":8,"column":2},"end":{"line":34,"column":3}},{"start":{"line":32,"column":9},"end":{"line":34,"column":3}}],"line":8},"1":{"loc":{"start":{"line":8,"column":6},"end":{"line":8,"column":81}},"type":"binary-expr","locations":[{"start":{"line":8,"column":6},"end":{"line":8,"column":31}},{"start":{"line":8,"column":35},"end":{"line":8,"column":81}}],"line":8},"2":{"loc":{"start":{"line":19,"column":6},"end":{"line":21,"column":7}},"type":"if","locations":[{"start":{"line":19,"column":6},"end":{"line":21,"column":7}},{"start":{},"end":{}}],"line":19},"3":{"loc":{"start":{"line":23,"column":6},"end":{"line":25,"column":7}},"type":"if","locations":[{"start":{"line":23,"column":6},"end":{"line":25,"column":7}},{"start":{},"end":{}}],"line":23},"4":{"loc":{"start":{"line":40,"column":4},"end":{"line":42,"column":5}},"type":"if","locations":[{"start":{"line":40,"column":4},"end":{"line":42,"column":5}},{"start":{},"end":{}}],"line":40},"5":{"loc":{"start":{"line":46,"column":4},"end":{"line":50,"column":5}},"type":"if","locations":[{"start":{"line":46,"column":4},"end":{"line":50,"column":5}},{"start":{},"end":{}}],"line":46},"6":{"loc":{"start":{"line":46,"column":8},"end":{"line":46,"column":46}},"type":"binary-expr","locations":[{"start":{"line":46,"column":8},"end":{"line":46,"column":17}},{"start":{"line":46,"column":21},"end":{"line":46,"column":46}}],"line":46}},"s":{"0":1,"1":0,"2":0,"3":0,"4":0,"5":0,"6":0,"7":0,"8":0,"9":0,"10":0,"11":0,"12":0,"13":0,"14":1,"15":0,"16":0,"17":0,"18":0,"19":0,"20":0,"21":0},"f":{"0":0,"1":0,"2":0},"b":{"0":[0,0],"1":[0,0],"2":[0,0],"3":[0,0],"4":[0,0],"5":[0,0],"6":[0,0]},"inputSourceMap":null,"_coverageSchema":"1a1c01bbd47fc00a2c39e90264f33305004495a9","hash":"290b293c3d3c4ab8078ecaa14747762cbc61dbdd"}
,"/Users/khushilohan/Desktop/clg_project/backend/models/Assignment.js": {"path":"/Users/khushilohan/Desktop/clg_project/backend/models/Assignment.js","statementMap":{"0":{"start":{"line":3,"column":25},"end":{"line":62,"column":2}},"1":{"start":{"line":64,"column":19},"end":{"line":64,"column":65}}},"fnMap":{},"branchMap":{},"s":{"0":0,"1":0},"f":{},"b":{},"inputSourceMap":null}
,"/Users/khushilohan/Desktop/clg_project/backend/models/Club.js": {"path":"/Users/khushilohan/Desktop/clg_project/backend/models/Club.js","statementMap":{"0":{"start":{"line":3,"column":19},"end":{"line":39,"column":2}},"1":{"start":{"line":41,"column":13},"end":{"line":41,"column":47}}},"fnMap":{},"branchMap":{},"s":{"0":0,"1":0},"f":{},"b":{},"inputSourceMap":null}
,"/Users/khushilohan/Desktop/clg_project/backend/models/Course.js": {"path":"/Users/khushilohan/Desktop/clg_project/backend/models/Course.js","statementMap":{"0":{"start":{"line":3,"column":21},"end":{"line":59,"column":2}},"1":{"start":{"line":61,"column":15},"end":{"line":61,"column":53}}},"fnMap":{},"branchMap":{},"s":{"0":0,"1":0},"f":{},"b":{},"inputSourceMap":null}
,"/Users/khushilohan/Desktop/clg_project/backend/models/Notification.js": {"path":"/Users/khushilohan/Desktop/clg_project/backend/models/Notification.js","statementMap":{"0":{"start":{"line":3,"column":27},"end":{"line":35,"column":2}},"1":{"start":{"line":37,"column":21},"end":{"line":37,"column":71}}},"fnMap":{},"branchMap":{},"s":{"0":0,"1":0},"f":{},"b":{},"inputSourceMap":null}
,"/Users/khushilohan/Desktop/clg_project/backend/models/Role.js": {"path":"/Users/khushilohan/Desktop/clg_project/backend/models/Role.js","statementMap":{"0":{"start":{"line":3,"column":19},"end":{"line":21,"column":2}},"1":{"start":{"line":23,"column":13},"end":{"line":23,"column":47}}},"fnMap":{},"branchMap":{},"s":{"0":1,"1":1},"f":{},"b":{},"inputSourceMap":null,"_coverageSchema":"1a1c01bbd47fc00a2c39e90264f33305004495a9","hash":"8d6963770b1dc77b20f2a32f6cac7218c4bda5f2"}
,"/Users/khushilohan/Desktop/clg_project/backend/models/User.js": {"path":"/Users/khushilohan/Desktop/clg_project/backend/models/User.js","statementMap":{"0":{"start":{"line":4,"column":19},"end":{"line":60,"column":2}},"1":{"start":{"line":63,"column":0},"end":{"line":69,"column":3}},"2":{"start":{"line":64,"column":2},"end":{"line":66,"column":3}},"3":{"start":{"line":65,"column":4},"end":{"line":65,"column":11}},"4":{"start":{"line":67,"column":15},"end":{"line":67,"column":39}},"5":{"start":{"line":68,"column":2},"end":{"line":68,"column":57}},"6":{"start":{"line":72,"column":0},"end":{"line":74,"column":2}},"7":{"start":{"line":73,"column":2},"end":{"line":73,"column":62}},"8":{"start":{"line":76,"column":13},"end":{"line":76,"column":47}}},"fnMap":{"0":{"name":"(anonymous_0)","decl":{"start":{"line":63,"column":23},"end":{"line":63,"column":24}},"loc":{"start":{"line":63,"column":44},"end":{"line":69,"column":1}},"line":63},"1":{"name":"(anonymous_1)","decl":{"start":{"line":72,"column":35},"end":{"line":72,"column":36}},"loc":{"start":{"line":72,"column":67},"end":{"line":74,"column":1}},"line":72}},"branchMap":{"0":{"loc":{"start":{"line":64,"column":2},"end":{"line":66,"column":3}},"type":"if","locations":[{"start":{"line":64,"column":2},"end":{"line":66,"column":3}},{"start":{},"end":{}}],"line":64}},"s":{"0":1,"1":1,"2":7,"3":4,"4":7,"5":7,"6":1,"7":2,"8":1},"f":{"0":7,"1":2},"b":{"0":[4,3]},"inputSourceMap":null,"_coverageSchema":"1a1c01bbd47fc00a2c39e90264f33305004495a9","hash":"7339086f0f39adc1bda36bd3b1568b3dfb7f10f9"}
,"/Users/khushilohan/Desktop/clg_project/backend/routes/authRoutes.js": {"path":"/Users/khushilohan/Desktop/clg_project/backend/routes/authRoutes.js","statementMap":{"0":{"start":{"line":8,"column":15},"end":{"line":8,"column":31}},"1":{"start":{"line":13,"column":0},"end":{"line":105,"column":3}},"2":{"start":{"line":22,"column":2},"end":{"line":104,"column":3}},"3":{"start":{"line":23,"column":19},"end":{"line":23,"column":40}},"4":{"start":{"line":24,"column":4},"end":{"line":26,"column":5}},"5":{"start":{"line":25,"column":6},"end":{"line":25,"column":62}},"6":{"start":{"line":28,"column":73},"end":{"line":28,"column":81}},"7":{"start":{"line":31,"column":23},"end":{"line":31,"column":52}},"8":{"start":{"line":32,"column":4},"end":{"line":34,"column":5}},"9":{"start":{"line":33,"column":6},"end":{"line":33,"column":86}},"10":{"start":{"line":37,"column":4},"end":{"line":42,"column":5}},"11":{"start":{"line":38,"column":30},"end":{"line":38,"column":63}},"12":{"start":{"line":39,"column":6},"end":{"line":41,"column":7}},"13":{"start":{"line":40,"column":8},"end":{"line":40,"column":78}},"14":{"start":{"line":45,"column":19},"end":{"line":45,"column":53}},"15":{"start":{"line":46,"column":4},"end":{"line":48,"column":5}},"16":{"start":{"line":47,"column":6},"end":{"line":47,"column":51}},"17":{"start":{"line":51,"column":24},"end":{"line":51,"column":33}},"18":{"start":{"line":52,"column":4},"end":{"line":61,"column":5}},"19":{"start":{"line":53,"column":21},"end":{"line":53,"column":26}},"20":{"start":{"line":54,"column":6},"end":{"line":60,"column":7}},"21":{"start":{"line":55,"column":8},"end":{"line":55,"column":77}},"22":{"start":{"line":56,"column":23},"end":{"line":56,"column":60}},"23":{"start":{"line":57,"column":8},"end":{"line":59,"column":9}},"24":{"start":{"line":58,"column":10},"end":{"line":58,"column":26}},"25":{"start":{"line":64,"column":21},"end":{"line":70,"column":5}},"26":{"start":{"line":72,"column":4},"end":{"line":78,"column":5}},"27":{"start":{"line":73,"column":6},"end":{"line":73,"column":50}},"28":{"start":{"line":74,"column":6},"end":{"line":74,"column":40}},"29":{"start":{"line":75,"column":11},"end":{"line":78,"column":5}},"30":{"start":{"line":76,"column":6},"end":{"line":76,"column":45}},"31":{"start":{"line":77,"column":6},"end":{"line":77,"column":40}},"32":{"start":{"line":81,"column":17},"end":{"line":81,"column":44}},"33":{"start":{"line":84,"column":4},"end":{"line":84,"column":32}},"34":{"start":{"line":87,"column":4},"end":{"line":87,"column":32}},"35":{"start":{"line":88,"column":4},"end":{"line":88,"column":22}},"36":{"start":{"line":90,"column":4},"end":{"line":100,"column":7}},"37":{"start":{"line":102,"column":4},"end":{"line":102,"column":44}},"38":{"start":{"line":103,"column":4},"end":{"line":103,"column":76}},"39":{"start":{"line":110,"column":0},"end":{"line":159,"column":3}},"40":{"start":{"line":114,"column":2},"end":{"line":158,"column":3}},"41":{"start":{"line":115,"column":19},"end":{"line":115,"column":40}},"42":{"start":{"line":116,"column":4},"end":{"line":118,"column":5}},"43":{"start":{"line":117,"column":6},"end":{"line":117,"column":62}},"44":{"start":{"line":120,"column":32},"end":{"line":120,"column":40}},"45":{"start":{"line":123,"column":17},"end":{"line":123,"column":83}},"46":{"start":{"line":125,"column":4},"end":{"line":127,"column":5}},"47":{"start":{"line":126,"column":6},"end":{"line":126,"column":70}},"48":{"start":{"line":130,"column":4},"end":{"line":132,"column":5}},"49":{"start":{"line":131,"column":6},"end":{"line":131,"column":78}},"50":{"start":{"line":135,"column":20},"end":{"line":135,"column":54}},"51":{"start":{"line":136,"column":4},"end":{"line":138,"column":5}},"52":{"start":{"line":137,"column":6},"end":{"line":137,"column":70}},"53":{"start":{"line":141,"column":4},"end":{"line":141,"column":32}},"54":{"start":{"line":142,"column":4},"end":{"line":142,"column":22}},"55":{"start":{"line":144,"column":4},"end":{"line":154,"column":7}},"56":{"start":{"line":156,"column":4},"end":{"line":156,"column":41}},"57":{"start":{"line":157,"column":4},"end":{"line":157,"column":76}},"58":{"start":{"line":164,"column":0},"end":{"line":182,"column":3}},"59":{"start":{"line":165,"column":2},"end":{"line":181,"column":3}},"60":{"start":{"line":166,"column":17},"end":{"line":166,"column":67}},"61":{"start":{"line":167,"column":4},"end":{"line":177,"column":7}},"62":{"start":{"line":179,"column":4},"end":{"line":179,"column":44}},"63":{"start":{"line":180,"column":4},"end":{"line":180,"column":76}}},"fnMap":{"0":{"name":"(anonymous_0)","decl":{"start":{"line":21,"column":3},"end":{"line":21,"column":4}},"loc":{"start":{"line":21,"column":23},"end":{"line":105,"column":1}},"line":21},"1":{"name":"(anonymous_1)","decl":{"start":{"line":113,"column":3},"end":{"line":113,"column":4}},"loc":{"start":{"line":113,"column":23},"end":{"line":159,"column":1}},"line":113},"2":{"name":"(anonymous_2)","decl":{"start":{"line":164,"column":27},"end":{"line":164,"column":28}},"loc":{"start":{"line":164,"column":47},"end":{"line":182,"column":1}},"line":164}},"branchMap":{"0":{"loc":{"start":{"line":24,"column":4},"end":{"line":26,"column":5}},"type":"if","locations":[{"start":{"line":24,"column":4},"end":{"line":26,"column":5}},{"start":{},"end":{}}],"line":24},"1":{"loc":{"start":{"line":32,"column":4},"end":{"line":34,"column":5}},"type":"if","locations":[{"start":{"line":32,"column":4},"end":{"line":34,"column":5}},{"start":{},"end":{}}],"line":32},"2":{"loc":{"start":{"line":37,"column":4},"end":{"line":42,"column":5}},"type":"if","locations":[{"start":{"line":37,"column":4},"end":{"line":42,"column":5}},{"start":{},"end":{}}],"line":37},"3":{"loc":{"start":{"line":39,"column":6},"end":{"line":41,"column":7}},"type":"if","locations":[{"start":{"line":39,"column":6},"end":{"line":41,"column":7}},{"start":{},"end":{}}],"line":39},"4":{"loc":{"start":{"line":46,"column":4},"end":{"line":48,"column":5}},"type":"if","locations":[{"start":{"line":46,"column":4},"end":{"line":48,"column":5}},{"start":{},"end":{}}],"line":46},"5":{"loc":{"start":{"line":52,"column":4},"end":{"line":61,"column":5}},"type":"if","locations":[{"start":{"line":52,"column":4},"end":{"line":61,"column":5}},{"start":{},"end":{}}],"line":52},"6":{"loc":{"start":{"line":57,"column":8},"end":{"line":59,"column":9}},"type":"if","locations":[{"start":{"line":57,"column":8},"end":{"line":59,"column":9}},{"start":{},"end":{}}],"line":57},"7":{"loc":{"start":{"line":69,"column":18},"end":{"line":69,"column":41}},"type":"binary-expr","locations":[{"start":{"line":69,"column":18},"end":{"line":69,"column":28}},{"start":{"line":69,"column":32},"end":{"line":69,"column":41}}],"line":69},"8":{"loc":{"start":{"line":72,"column":4},"end":{"line":78,"column":5}},"type":"if","locations":[{"start":{"line":72,"column":4},"end":{"line":78,"column":5}},{"start":{"line":75,"column":11},"end":{"line":78,"column":5}}],"line":72},"9":{"loc":{"start":{"line":73,"column":27},"end":{"line":73,"column":49}},"type":"binary-expr","locations":[{"start":{"line":73,"column":27},"end":{"line":73,"column":36}},{"start":{"line":73,"column":40},"end":{"line":73,"column":49}}],"line":73},"10":{"loc":{"start":{"line":74,"column":22},"end":{"line":74,"column":39}},"type":"binary-expr","locations":[{"start":{"line":74,"column":22},"end":{"line":74,"column":26}},{"start":{"line":74,"column":30},"end":{"line":74,"column":39}}],"line":74},"11":{"loc":{"start":{"line":75,"column":11},"end":{"line":78,"column":5}},"type":"if","locations":[{"start":{"line":75,"column":11},"end":{"line":78,"column":5}},{"start":{},"end":{}}],"line":75},"12":{"loc":{"start":{"line":77,"column":22},"end":{"line":77,"column":39}},"type":"binary-expr","locations":[{"start":{"line":77,"column":22},"end":{"line":77,"column":26}},{"start":{"line":77,"column":30},"end":{"line":77,"column":39}}],"line":77},"13":{"loc":{"start":{"line":116,"column":4},"end":{"line":118,"column":5}},"type":"if","locations":[{"start":{"line":116,"column":4},"end":{"line":118,"column":5}},{"start":{},"end":{}}],"line":116},"14":{"loc":{"start":{"line":125,"column":4},"end":{"line":127,"column":5}},"type":"if","locations":[{"start":{"line":125,"column":4},"end":{"line":127,"column":5}},{"start":{},"end":{}}],"line":125},"15":{"loc":{"start":{"line":130,"column":4},"end":{"line":132,"column":5}},"type":"if","locations":[{"start":{"line":130,"column":4},"end":{"line":132,"column":5}},{"start":{},"end":{}}],"line":130},"16":{"loc":{"start":{"line":136,"column":4},"end":{"line":138,"column":5}},"type":"if","locations":[{"start":{"line":136,"column":4},"end":{"line":138,"column":5}},{"start":{},"end":{}}],"line":136}},"s":{"0":1,"1":1,"2":8,"3":8,"4":8,"5":2,"6":6,"7":6,"8":6,"9":3,"10":3,"11":1,"12":1,"13":0,"14":3,"15":3,"16":1,"17":3,"18":3,"19":0,"20":0,"21":0,"22":0,"23":0,"24":0,"25":3,"26":3,"27":3,"28":3,"29":0,"30":0,"31":0,"32":3,"33":3,"34":3,"35":3,"36":3,"37":3,"38":3,"39":1,"40":3,"41":3,"42":3,"43":0,"44":3,"45":3,"46":3,"47":1,"48":2,"49":0,"50":2,"51":2,"52":1,"53":1,"54":1,"55":1,"56":1,"57":1,"58":1,"59":0,"60":0,"61":0,"62":0,"63":0},"f":{"0":8,"1":3,"2":0},"b":{"0":[2,6],"1":[3,3],"2":[1,2],"3":[0,1],"4":[1,2],"5":[0,3],"6":[0,0],"7":[3,2],"8":[3,0],"9":[3,2],"10":[3,2],"11":[0,0],"12":[0,0],"13":[0,3],"14":[1,2],"15":[0,2],"16":[1,1]},"inputSourceMap":null,"_coverageSchema":"1a1c01bbd47fc00a2c39e90264f33305004495a9","hash":"722b3193f2c7f5dd39107b0ab28497ecd6d3bc68"}
,"/Users/khushilohan/Desktop/clg_project/backend/routes/clubRoutes.js": {"path":"/Users/khushilohan/Desktop/clg_project/backend/routes/clubRoutes.js","statementMap":{"0":{"start":{"line":9,"column":15},"end":{"line":9,"column":31}},"1":{"start":{"line":14,"column":0},"end":{"line":25,"column":3}},"2":{"start":{"line":15,"column":2},"end":{"line":24,"column":3}},"3":{"start":{"line":16,"column":18},"end":{"line":19,"column":30}},"4":{"start":{"line":20,"column":4},"end":{"line":20,"column":20}},"5":{"start":{"line":22,"column":4},"end":{"line":22,"column":45}},"6":{"start":{"line":23,"column":4},"end":{"line":23,"column":76}},"7":{"start":{"line":30,"column":0},"end":{"line":45,"column":3}},"8":{"start":{"line":31,"column":2},"end":{"line":44,"column":3}},"9":{"start":{"line":32,"column":17},"end":{"line":34,"column":50}},"10":{"start":{"line":36,"column":4},"end":{"line":38,"column":5}},"11":{"start":{"line":37,"column":6},"end":{"line":37,"column":65}},"12":{"start":{"line":40,"column":4},"end":{"line":40,"column":19}},"13":{"start":{"line":42,"column":4},"end":{"line":42,"column":44}},"14":{"start":{"line":43,"column":4},"end":{"line":43,"column":76}},"15":{"start":{"line":50,"column":0},"end":{"line":104,"column":3}},"16":{"start":{"line":56,"column":2},"end":{"line":103,"column":3}},"17":{"start":{"line":57,"column":19},"end":{"line":57,"column":40}},"18":{"start":{"line":58,"column":4},"end":{"line":60,"column":5}},"19":{"start":{"line":59,"column":6},"end":{"line":59,"column":62}},"20":{"start":{"line":62,"column":34},"end":{"line":62,"column":42}},"21":{"start":{"line":65,"column":23},"end":{"line":65,"column":51}},"22":{"start":{"line":66,"column":4},"end":{"line":68,"column":5}},"23":{"start":{"line":67,"column":6},"end":{"line":67,"column":85}},"24":{"start":{"line":70,"column":17},"end":{"line":75,"column":6}},"25":{"start":{"line":77,"column":4},"end":{"line":77,"column":67}},"26":{"start":{"line":80,"column":4},"end":{"line":97,"column":5}},"27":{"start":{"line":81,"column":26},"end":{"line":81,"column":65}},"28":{"start":{"line":82,"column":6},"end":{"line":94,"column":7}},"29":{"start":{"line":83,"column":25},"end":{"line":83,"column":88}},"30":{"start":{"line":84,"column":30},"end":{"line":90,"column":11}},"31":{"start":{"line":84,"column":51},"end":{"line":90,"column":9}},"32":{"start":{"line":91,"column":8},"end":{"line":93,"column":9}},"33":{"start":{"line":92,"column":10},"end":{"line":92,"column":55}},"34":{"start":{"line":96,"column":6},"end":{"line":96,"column":74}},"35":{"start":{"line":99,"column":4},"end":{"line":99,"column":31}},"36":{"start":{"line":101,"column":4},"end":{"line":101,"column":47}},"37":{"start":{"line":102,"column":4},"end":{"line":102,"column":76}},"38":{"start":{"line":109,"column":0},"end":{"line":146,"column":3}},"39":{"start":{"line":115,"column":2},"end":{"line":145,"column":3}},"40":{"start":{"line":116,"column":19},"end":{"line":116,"column":40}},"41":{"start":{"line":117,"column":4},"end":{"line":119,"column":5}},"42":{"start":{"line":118,"column":6},"end":{"line":118,"column":62}},"43":{"start":{"line":121,"column":17},"end":{"line":121,"column":51}},"44":{"start":{"line":123,"column":4},"end":{"line":125,"column":5}},"45":{"start":{"line":124,"column":6},"end":{"line":124,"column":65}},"46":{"start":{"line":128,"column":4},"end":{"line":130,"column":5}},"47":{"start":{"line":129,"column":6},"end":{"line":129,"column":85}},"48":{"start":{"line":132,"column":34},"end":{"line":132,"column":42}},"49":{"start":{"line":134,"column":4},"end":{"line":134,"column":31}},"50":{"start":{"line":134,"column":14},"end":{"line":134,"column":31}},"51":{"start":{"line":135,"column":4},"end":{"line":135,"column":66}},"52":{"start":{"line":135,"column":35},"end":{"line":135,"column":66}},"53":{"start":{"line":137,"column":4},"end":{"line":137,"column":22}},"54":{"start":{"line":138,"column":4},"end":{"line":138,"column":67}},"55":{"start":{"line":139,"column":4},"end":{"line":139,"column":59}},"56":{"start":{"line":141,"column":4},"end":{"line":141,"column":19}},"57":{"start":{"line":143,"column":4},"end":{"line":143,"column":47}},"58":{"start":{"line":144,"column":4},"end":{"line":144,"column":76}},"59":{"start":{"line":151,"column":0},"end":{"line":170,"column":3}},"60":{"start":{"line":152,"column":2},"end":{"line":169,"column":3}},"61":{"start":{"line":153,"column":17},"end":{"line":153,"column":51}},"62":{"start":{"line":155,"column":4},"end":{"line":157,"column":5}},"63":{"start":{"line":156,"column":6},"end":{"line":156,"column":65}},"64":{"start":{"line":160,"column":4},"end":{"line":162,"column":5}},"65":{"start":{"line":161,"column":6},"end":{"line":161,"column":85}},"66":{"start":{"line":164,"column":4},"end":{"line":164,"column":48}},"67":{"start":{"line":165,"column":4},"end":{"line":165,"column":55}},"68":{"start":{"line":167,"column":4},"end":{"line":167,"column":47}},"69":{"start":{"line":168,"column":4},"end":{"line":168,"column":76}},"70":{"start":{"line":175,"column":0},"end":{"line":226,"column":3}},"71":{"start":{"line":180,"column":2},"end":{"line":225,"column":3}},"72":{"start":{"line":181,"column":19},"end":{"line":181,"column":40}},"73":{"start":{"line":182,"column":4},"end":{"line":184,"column":5}},"74":{"start":{"line":183,"column":6},"end":{"line":183,"column":62}},"75":{"start":{"line":186,"column":17},"end":{"line":186,"column":51}},"76":{"start":{"line":188,"column":4},"end":{"line":190,"column":5}},"77":{"start":{"line":189,"column":6},"end":{"line":189,"column":65}},"78":{"start":{"line":193,"column":4},"end":{"line":195,"column":5}},"79":{"start":{"line":194,"column":6},"end":{"line":194,"column":93}},"80":{"start":{"line":197,"column":26},"end":{"line":197,"column":34}},"81":{"start":{"line":198,"column":17},"end":{"line":198,"column":60}},"82":{"start":{"line":199,"column":24},"end":{"line":199,"column":63}},"83":{"start":{"line":201,"column":4},"end":{"line":203,"column":5}},"84":{"start":{"line":202,"column":6},"end":{"line":202,"column":73}},"85":{"start":{"line":205,"column":20},"end":{"line":205,"column":76}},"86":{"start":{"line":207,"column":4},"end":{"line":209,"column":5}},"87":{"start":{"line":208,"column":6},"end":{"line":208,"column":68}},"88":{"start":{"line":211,"column":4},"end":{"line":213,"column":5}},"89":{"start":{"line":212,"column":6},"end":{"line":212,"column":91}},"90":{"start":{"line":215,"column":4},"end":{"line":215,"column":35}},"91":{"start":{"line":216,"column":4},"end":{"line":216,"column":22}},"92":{"start":{"line":218,"column":4},"end":{"line":218,"column":67}},"93":{"start":{"line":219,"column":4},"end":{"line":219,"column":59}},"94":{"start":{"line":221,"column":4},"end":{"line":221,"column":19}},"95":{"start":{"line":223,"column":4},"end":{"line":223,"column":46}},"96":{"start":{"line":224,"column":4},"end":{"line":224,"column":76}},"97":{"start":{"line":231,"column":0},"end":{"line":257,"column":3}},"98":{"start":{"line":232,"column":2},"end":{"line":256,"column":3}},"99":{"start":{"line":233,"column":17},"end":{"line":233,"column":51}},"100":{"start":{"line":235,"column":4},"end":{"line":237,"column":5}},"101":{"start":{"line":236,"column":6},"end":{"line":236,"column":65}},"102":{"start":{"line":240,"column":4},"end":{"line":242,"column":5}},"103":{"start":{"line":241,"column":6},"end":{"line":241,"column":98}},"104":{"start":{"line":244,"column":4},"end":{"line":246,"column":6}},"105":{"start":{"line":245,"column":18},"end":{"line":245,"column":61}},"106":{"start":{"line":248,"column":4},"end":{"line":248,"column":22}},"107":{"start":{"line":249,"column":4},"end":{"line":249,"column":67}},"108":{"start":{"line":250,"column":4},"end":{"line":250,"column":59}},"109":{"start":{"line":252,"column":4},"end":{"line":252,"column":19}},"110":{"start":{"line":254,"column":4},"end":{"line":254,"column":49}},"111":{"start":{"line":255,"column":4},"end":{"line":255,"column":76}},"112":{"start":{"line":262,"column":0},"end":{"line":327,"column":3}},"113":{"start":{"line":270,"column":2},"end":{"line":326,"column":3}},"114":{"start":{"line":271,"column":19},"end":{"line":271,"column":40}},"115":{"start":{"line":272,"column":4},"end":{"line":274,"column":5}},"116":{"start":{"line":273,"column":6},"end":{"line":273,"column":62}},"117":{"start":{"line":276,"column":17},"end":{"line":276,"column":51}},"118":{"start":{"line":278,"column":4},"end":{"line":280,"column":5}},"119":{"start":{"line":279,"column":6},"end":{"line":279,"column":65}},"120":{"start":{"line":283,"column":4},"end":{"line":285,"column":5}},"121":{"start":{"line":284,"column":6},"end":{"line":284,"column":92}},"122":{"start":{"line":287,"column":51},"end":{"line":287,"column":59}},"123":{"start":{"line":289,"column":21},"end":{"line":295,"column":5}},"124":{"start":{"line":297,"column":4},"end":{"line":297,"column":31}},"125":{"start":{"line":299,"column":4},"end":{"line":299,"column":22}},"126":{"start":{"line":300,"column":4},"end":{"line":300,"column":67}},"127":{"start":{"line":301,"column":4},"end":{"line":301,"column":59}},"128":{"start":{"line":304,"column":4},"end":{"line":320,"column":5}},"129":{"start":{"line":305,"column":24},"end":{"line":305,"column":68}},"130":{"start":{"line":305,"column":49},"end":{"line":305,"column":66}},"131":{"start":{"line":306,"column":28},"end":{"line":314,"column":9}},"132":{"start":{"line":306,"column":55},"end":{"line":314,"column":7}},"133":{"start":{"line":315,"column":6},"end":{"line":317,"column":7}},"134":{"start":{"line":316,"column":8},"end":{"line":316,"column":53}},"135":{"start":{"line":319,"column":6},"end":{"line":319,"column":68}},"136":{"start":{"line":322,"column":4},"end":{"line":322,"column":19}},"137":{"start":{"line":324,"column":4},"end":{"line":324,"column":45}},"138":{"start":{"line":325,"column":4},"end":{"line":325,"column":76}},"139":{"start":{"line":332,"column":0},"end":{"line":361,"column":3}},"140":{"start":{"line":333,"column":2},"end":{"line":360,"column":3}},"141":{"start":{"line":334,"column":17},"end":{"line":334,"column":51}},"142":{"start":{"line":336,"column":4},"end":{"line":338,"column":5}},"143":{"start":{"line":337,"column":6},"end":{"line":337,"column":65}},"144":{"start":{"line":341,"column":4},"end":{"line":343,"column":5}},"145":{"start":{"line":342,"column":6},"end":{"line":342,"column":97}},"146":{"start":{"line":345,"column":23},"end":{"line":345,"column":54}},"147":{"start":{"line":346,"column":4},"end":{"line":348,"column":5}},"148":{"start":{"line":347,"column":6},"end":{"line":347,"column":70}},"149":{"start":{"line":350,"column":4},"end":{"line":350,"column":38}},"150":{"start":{"line":351,"column":4},"end":{"line":351,"column":22}},"151":{"start":{"line":353,"column":4},"end":{"line":353,"column":67}},"152":{"start":{"line":354,"column":4},"end":{"line":354,"column":59}},"153":{"start":{"line":356,"column":4},"end":{"line":356,"column":19}},"154":{"start":{"line":358,"column":4},"end":{"line":358,"column":48}},"155":{"start":{"line":359,"column":4},"end":{"line":359,"column":76}},"156":{"start":{"line":366,"column":0},"end":{"line":389,"column":3}},"157":{"start":{"line":367,"column":2},"end":{"line":388,"column":3}},"158":{"start":{"line":368,"column":17},"end":{"line":368,"column":95}},"159":{"start":{"line":370,"column":4},"end":{"line":372,"column":5}},"160":{"start":{"line":371,"column":6},"end":{"line":371,"column":65}},"161":{"start":{"line":375,"column":4},"end":{"line":377,"column":5}},"162":{"start":{"line":375,"column":33},"end":{"line":375,"column":77}},"163":{"start":{"line":376,"column":6},"end":{"line":376,"column":88}},"164":{"start":{"line":379,"column":4},"end":{"line":379,"column":36}},"165":{"start":{"line":380,"column":4},"end":{"line":380,"column":22}},"166":{"start":{"line":381,"column":4},"end":{"line":381,"column":67}},"167":{"start":{"line":382,"column":4},"end":{"line":382,"column":59}},"168":{"start":{"line":384,"column":4},"end":{"line":384,"column":19}},"169":{"start":{"line":386,"column":4},"end":{"line":386,"column":47}},"170":{"start":{"line":387,"column":4},"end":{"line":387,"column":76}}},"fnMap":{"0":{"name":"(anonymous_0)","decl":{"start":{"line":14,"column":25},"end":{"line":14,"column":26}},"loc":{"start":{"line":14,"column":45},"end":{"line":25,"column":1}},"line":14},"1":{"name":"(anonymous_1)","decl":{"start":{"line":30,"column":28},"end":{"line":30,"column":29}},"loc":{"start":{"line":30,"column":48},"end":{"line":45,"column":1}},"line":30},"2":{"name":"(anonymous_2)","decl":{"start":{"line":55,"column":3},"end":{"line":55,"column":4}},"loc":{"start":{"line":55,"column":23},"end":{"line":104,"column":1}},"line":55},"3":{"name":"(anonymous_3)","decl":{"start":{"line":84,"column":43},"end":{"line":84,"column":44}},"loc":{"start":{"line":84,"column":51},"end":{"line":90,"column":9}},"line":84},"4":{"name":"(anonymous_4)","decl":{"start":{"line":114,"column":3},"end":{"line":114,"column":4}},"loc":{"start":{"line":114,"column":23},"end":{"line":146,"column":1}},"line":114},"5":{"name":"(anonymous_5)","decl":{"start":{"line":151,"column":64},"end":{"line":151,"column":65}},"loc":{"start":{"line":151,"column":84},"end":{"line":170,"column":1}},"line":151},"6":{"name":"(anonymous_6)","decl":{"start":{"line":179,"column":3},"end":{"line":179,"column":4}},"loc":{"start":{"line":179,"column":23},"end":{"line":226,"column":1}},"line":179},"7":{"name":"(anonymous_7)","decl":{"start":{"line":231,"column":82},"end":{"line":231,"column":83}},"loc":{"start":{"line":231,"column":102},"end":{"line":257,"column":1}},"line":231},"8":{"name":"(anonymous_8)","decl":{"start":{"line":245,"column":6},"end":{"line":245,"column":7}},"loc":{"start":{"line":245,"column":18},"end":{"line":245,"column":61}},"line":245},"9":{"name":"(anonymous_9)","decl":{"start":{"line":269,"column":3},"end":{"line":269,"column":4}},"loc":{"start":{"line":269,"column":23},"end":{"line":327,"column":1}},"line":269},"10":{"name":"(anonymous_10)","decl":{"start":{"line":305,"column":41},"end":{"line":305,"column":42}},"loc":{"start":{"line":305,"column":49},"end":{"line":305,"column":66}},"line":305},"11":{"name":"(anonymous_11)","decl":{"start":{"line":306,"column":42},"end":{"line":306,"column":43}},"loc":{"start":{"line":306,"column":55},"end":{"line":314,"column":7}},"line":306},"12":{"name":"(anonymous_12)","decl":{"start":{"line":332,"column":83},"end":{"line":332,"column":84}},"loc":{"start":{"line":332,"column":103},"end":{"line":361,"column":1}},"line":332},"13":{"name":"(anonymous_13)","decl":{"start":{"line":366,"column":60},"end":{"line":366,"column":61}},"loc":{"start":{"line":366,"column":80},"end":{"line":389,"column":1}},"line":366},"14":{"name":"(anonymous_14)","decl":{"start":{"line":375,"column":26},"end":{"line":375,"column":27}},"loc":{"start":{"line":375,"column":33},"end":{"line":375,"column":77}},"line":375}},"branchMap":{"0":{"loc":{"start":{"line":36,"column":4},"end":{"line":38,"column":5}},"type":"if","locations":[{"start":{"line":36,"column":4},"end":{"line":38,"column":5}},{"start":{},"end":{}}],"line":36},"1":{"loc":{"start":{"line":58,"column":4},"end":{"line":60,"column":5}},"type":"if","locations":[{"start":{"line":58,"column":4},"end":{"line":60,"column":5}},{"start":{},"end":{}}],"line":58},"2":{"loc":{"start":{"line":66,"column":4},"end":{"line":68,"column":5}},"type":"if","locations":[{"start":{"line":66,"column":4},"end":{"line":68,"column":5}},{"start":{},"end":{}}],"line":66},"3":{"loc":{"start":{"line":72,"column":19},"end":{"line":72,"column":36}},"type":"binary-expr","locations":[{"start":{"line":72,"column":19},"end":{"line":72,"column":30}},{"start":{"line":72,"column":34},"end":{"line":72,"column":36}}],"line":72},"4":{"loc":{"start":{"line":82,"column":6},"end":{"line":94,"column":7}},"type":"if","locations":[{"start":{"line":82,"column":6},"end":{"line":94,"column":7}},{"start":{},"end":{}}],"line":82},"5":{"loc":{"start":{"line":91,"column":8},"end":{"line":93,"column":9}},"type":"if","locations":[{"start":{"line":91,"column":8},"end":{"line":93,"column":9}},{"start":{},"end":{}}],"line":91},"6":{"loc":{"start":{"line":117,"column":4},"end":{"line":119,"column":5}},"type":"if","locations":[{"start":{"line":117,"column":4},"end":{"line":119,"column":5}},{"start":{},"end":{}}],"line":117},"7":{"loc":{"start":{"line":123,"column":4},"end":{"line":125,"column":5}},"type":"if","locations":[{"start":{"line":123,"column":4},"end":{"line":125,"column":5}},{"start":{},"end":{}}],"line":123},"8":{"loc":{"start":{"line":128,"column":4},"end":{"line":130,"column":5}},"type":"if","locations":[{"start":{"line":128,"column":4},"end":{"line":130,"column":5}},{"start":{},"end":{}}],"line":128},"9":{"loc":{"start":{"line":134,"column":4},"end":{"line":134,"column":31}},"type":"if","locations":[{"start":{"line":134,"column":4},"end":{"line":134,"column":31}},{"start":{},"end":{}}],"line":134},"10":{"loc":{"start":{"line":135,"column":4},"end":{"line":135,"column":66}},"type":"if","locations":[{"start":{"line":135,"column":4},"end":{"line":135,"column":66}},{"start":{},"end":{}}],"line":135},"11":{"loc":{"start":{"line":155,"column":4},"end":{"line":157,"column":5}},"type":"if","locations":[{"start":{"line":155,"column":4},"end":{"line":157,"column":5}},{"start":{},"end":{}}],"line":155},"12":{"loc":{"start":{"line":160,"column":4},"end":{"line":162,"column":5}},"type":"if","locations":[{"start":{"line":160,"column":4},"end":{"line":162,"column":5}},{"start":{},"end":{}}],"line":160},"13":{"loc":{"start":{"line":182,"column":4},"end":{"line":184,"column":5}},"type":"if","locations":[{"start":{"line":182,"column":4},"end":{"line":184,"column":5}},{"start":{},"end":{}}],"line":182},"14":{"loc":{"start":{"line":188,"column":4},"end":{"line":190,"column":5}},"type":"if","locations":[{"start":{"line":188,"column":4},"end":{"line":190,"column":5}},{"start":{},"end":{}}],"line":188},"15":{"loc":{"start":{"line":193,"column":4},"end":{"line":195,"column":5}},"type":"if","locations":[{"start":{"line":193,"column":4},"end":{"line":195,"column":5}},{"start":{},"end":{}}],"line":193},"16":{"loc":{"start":{"line":201,"column":4},"end":{"line":203,"column":5}},"type":"if","locations":[{"start":{"line":201,"column":4},"end":{"line":203,"column":5}},{"start":{},"end":{}}],"line":201},"17":{"loc":{"start":{"line":207,"column":4},"end":{"line":209,"column":5}},"type":"if","locations":[{"start":{"line":207,"column":4},"end":{"line":209,"column":5}},{"start":{},"end":{}}],"line":207},"18":{"loc":{"start":{"line":211,"column":4},"end":{"line":213,"column":5}},"type":"if","locations":[{"start":{"line":211,"column":4},"end":{"line":213,"column":5}},{"start":{},"end":{}}],"line":211},"19":{"loc":{"start":{"line":235,"column":4},"end":{"line":237,"column":5}},"type":"if","locations":[{"start":{"line":235,"column":4},"end":{"line":237,"column":5}},{"start":{},"end":{}}],"line":235},"20":{"loc":{"start":{"line":240,"column":4},"end":{"line":242,"column":5}},"type":"if","locations":[{"start":{"line":240,"column":4},"end":{"line":242,"column":5}},{"start":{},"end":{}}],"line":240},"21":{"loc":{"start":{"line":272,"column":4},"end":{"line":274,"column":5}},"type":"if","locations":[{"start":{"line":272,"column":4},"end":{"line":274,"column":5}},{"start":{},"end":{}}],"line":272},"22":{"loc":{"start":{"line":278,"column":4},"end":{"line":280,"column":5}},"type":"if","locations":[{"start":{"line":278,"column":4},"end":{"line":280,"column":5}},{"start":{},"end":{}}],"line":278},"23":{"loc":{"start":{"line":283,"column":4},"end":{"line":285,"column":5}},"type":"if","locations":[{"start":{"line":283,"column":4},"end":{"line":285,"column":5}},{"start":{},"end":{}}],"line":283},"24":{"loc":{"start":{"line":291,"column":19},"end":{"line":291,"column":36}},"type":"binary-expr","locations":[{"start":{"line":291,"column":19},"end":{"line":291,"column":30}},{"start":{"line":291,"column":34},"end":{"line":291,"column":36}}],"line":291},"25":{"loc":{"start":{"line":293,"column":16},"end":{"line":293,"column":30}},"type":"binary-expr","locations":[{"start":{"line":293,"column":16},"end":{"line":293,"column":24}},{"start":{"line":293,"column":28},"end":{"line":293,"column":30}}],"line":293},"26":{"loc":{"start":{"line":305,"column":49},"end":{"line":305,"column":66}},"type":"cond-expr","locations":[{"start":{"line":305,"column":57},"end":{"line":305,"column":62}},{"start":{"line":305,"column":65},"end":{"line":305,"column":66}}],"line":305},"27":{"loc":{"start":{"line":310,"column":83},"end":{"line":310,"column":134}},"type":"cond-expr","locations":[{"start":{"line":310,"column":103},"end":{"line":310,"column":129}},{"start":{"line":310,"column":132},"end":{"line":310,"column":134}}],"line":310},"28":{"loc":{"start":{"line":315,"column":6},"end":{"line":317,"column":7}},"type":"if","locations":[{"start":{"line":315,"column":6},"end":{"line":317,"column":7}},{"start":{},"end":{}}],"line":315},"29":{"loc":{"start":{"line":336,"column":4},"end":{"line":338,"column":5}},"type":"if","locations":[{"start":{"line":336,"column":4},"end":{"line":338,"column":5}},{"start":{},"end":{}}],"line":336},"30":{"loc":{"start":{"line":341,"column":4},"end":{"line":343,"column":5}},"type":"if","locations":[{"start":{"line":341,"column":4},"end":{"line":343,"column":5}},{"start":{},"end":{}}],"line":341},"31":{"loc":{"start":{"line":346,"column":4},"end":{"line":348,"column":5}},"type":"if","locations":[{"start":{"line":346,"column":4},"end":{"line":348,"column":5}},{"start":{},"end":{}}],"line":346},"32":{"loc":{"start":{"line":346,"column":8},"end":{"line":346,"column":58}},"type":"binary-expr","locations":[{"start":{"line":346,"column":8},"end":{"line":346,"column":22}},{"start":{"line":346,"column":26},"end":{"line":346,"column":58}}],"line":346},"33":{"loc":{"start":{"line":370,"column":4},"end":{"line":372,"column":5}},"type":"if","locations":[{"start":{"line":370,"column":4},"end":{"line":372,"column":5}},{"start":{},"end":{}}],"line":370},"34":{"loc":{"start":{"line":375,"column":4},"end":{"line":377,"column":5}},"type":"if","locations":[{"start":{"line":375,"column":4},"end":{"line":377,"column":5}},{"start":{},"end":{}}],"line":375}},"s":{"0":0,"1":0,"2":0,"3":0,"4":0,"5":0,"6":0,"7":0,"8":0,"9":0,"10":0,"11":0,"12":0,"13":0,"14":0,"15":0,"16":0,"17":0,"18":0,"19":0,"20":0,"21":0,"22":0,"23":0,"24":0,"25":0,"26":0,"27":0,"28":0,"29":0,"30":0,"31":0,"32":0,"33":0,"34":0,"35":0,"36":0,"37":0,"38":0,"39":0,"40":0,"41":0,"42":0,"43":0,"44":0,"45":0,"46":0,"47":0,"48":0,"49":0,"50":0,"51":0,"52":0,"53":0,"54":0,"55":0,"56":0,"57":0,"58":0,"59":0,"60":0,"61":0,"62":0,"63":0,"64":0,"65":0,"66":0,"67":0,"68":0,"69":0,"70":0,"71":0,"72":0,"73":0,"74":0,"75":0,"76":0,"77":0,"78":0,"79":0,"80":0,"81":0,"82":0,"83":0,"84":0,"85":0,"86":0,"87":0,"88":0,"89":0,"90":0,"91":0,"92":0,"93":0,"94":0,"95":0,"96":0,"97":0,"98":0,"99":0,"100":0,"101":0,"102":0,"103":0,"104":0,"105":0,"106":0,"107":0,"108":0,"109":0,"110":0,"111":0,"112":0,"113":0,"114":0,"115":0,"116":0,"117":0,"118":0,"119":0,"120":0,"121":0,"122":0,"123":0,"124":0,"125":0,"126":0,"127":0,"128":0,"129":0,"130":0,"131":0,"132":0,"133":0,"134":0,"135":0,"136":0,"137":0,"138":0,"139":0,"140":0,"141":0,"142":0,"143":0,"144":0,"145":0,"146":0,"147":0,"148":0,"149":0,"150":0,"151":0,"152":0,"153":0,"154":0,"155":0,"156":0,"157":0,"158":0,"159":0,"160":0,"161":0,"162":0,"163":0,"164":0,"165":0,"166":0,"167":0,"168":0,"169":0,"170":0},"f":{"0":0,"1":0,"2":0,"3":0,"4":0,"5":0,"6":0,"7":0,"8":0,"9":0,"10":0,"11":0,"12":0,"13":0,"14":0},"b":{"0":[0,0],"1":[0,0],"2":[0,0],"3":[0,0],"4":[0,0],"5":[0,0],"6":[0,0],"7":[0,0],"8":[0,0],"9":[0,0],"10":[0,0],"11":[0,0],"12":[0,0],"13":[0,0],"14":[0,0],"15":[0,0],"16":[0,0],"17":[0,0],"18":[0,0],"19":[0,0],"20":[0,0],"21":[0,0],"22":[0,0],"23":[0,0],"24":[0,0],"25":[0,0],"26":[0,0],"27":[0,0],"28":[0,0],"29":[0,0],"30":[0,0],"31":[0,0],"32":[0,0],"33":[0,0],"34":[0,0]},"inputSourceMap":null}
,"/Users/khushilohan/Desktop/clg_project/backend/routes/notificationRoutes.js": {"path":"/Users/khushilohan/Desktop/clg_project/backend/routes/notificationRoutes.js","statementMap":{"0":{"start":{"line":5,"column":15},"end":{"line":5,"column":31}},"1":{"start":{"line":10,"column":0},"end":{"line":21,"column":3}},"2":{"start":{"line":11,"column":2},"end":{"line":20,"column":3}},"3":{"start":{"line":12,"column":26},"end":{"line":15,"column":13}},"4":{"start":{"line":16,"column":4},"end":{"line":16,"column":28}},"5":{"start":{"line":18,"column":4},"end":{"line":18,"column":53}},"6":{"start":{"line":19,"column":4},"end":{"line":19,"column":76}},"7":{"start":{"line":26,"column":0},"end":{"line":41,"column":3}},"8":{"start":{"line":27,"column":2},"end":{"line":40,"column":3}},"9":{"start":{"line":28,"column":25},"end":{"line":32,"column":5}},"10":{"start":{"line":33,"column":4},"end":{"line":35,"column":5}},"11":{"start":{"line":34,"column":6},"end":{"line":34,"column":73}},"12":{"start":{"line":36,"column":4},"end":{"line":36,"column":27}},"13":{"start":{"line":38,"column":4},"end":{"line":38,"column":45}},"14":{"start":{"line":39,"column":4},"end":{"line":39,"column":76}},"15":{"start":{"line":46,"column":0},"end":{"line":54,"column":3}},"16":{"start":{"line":47,"column":2},"end":{"line":53,"column":3}},"17":{"start":{"line":48,"column":4},"end":{"line":48,"column":74}},"18":{"start":{"line":49,"column":4},"end":{"line":49,"column":62}},"19":{"start":{"line":51,"column":4},"end":{"line":51,"column":49}},"20":{"start":{"line":52,"column":4},"end":{"line":52,"column":76}}},"fnMap":{"0":{"name":"(anonymous_0)","decl":{"start":{"line":10,"column":25},"end":{"line":10,"column":26}},"loc":{"start":{"line":10,"column":45},"end":{"line":21,"column":1}},"line":10},"1":{"name":"(anonymous_1)","decl":{"start":{"line":26,"column":35},"end":{"line":26,"column":36}},"loc":{"start":{"line":26,"column":55},"end":{"line":41,"column":1}},"line":26},"2":{"name":"(anonymous_2)","decl":{"start":{"line":46,"column":35},"end":{"line":46,"column":36}},"loc":{"start":{"line":46,"column":55},"end":{"line":54,"column":1}},"line":46}},"branchMap":{"0":{"loc":{"start":{"line":33,"column":4},"end":{"line":35,"column":5}},"type":"if","locations":[{"start":{"line":33,"column":4},"end":{"line":35,"column":5}},{"start":{},"end":{}}],"line":33}},"s":{"0":0,"1":0,"2":0,"3":0,"4":0,"5":0,"6":0,"7":0,"8":0,"9":0,"10":0,"11":0,"12":0,"13":0,"14":0,"15":0,"16":0,"17":0,"18":0,"19":0,"20":0},"f":{"0":0,"1":0,"2":0},"b":{"0":[0,0]},"inputSourceMap":null}
,"/Users/khushilohan/Desktop/clg_project/backend/utils/generateToken.js": {"path":"/Users/khushilohan/Desktop/clg_project/backend/utils/generateToken.js","statementMap":{"0":{"start":{"line":3,"column":29},"end":{"line":7,"column":1}},"1":{"start":{"line":4,"column":2},"end":{"line":6,"column":5}}},"fnMap":{"0":{"name":"(anonymous_0)","decl":{"start":{"line":3,"column":29},"end":{"line":3,"column":30}},"loc":{"start":{"line":3,"column":37},"end":{"line":7,"column":1}},"line":3}},"branchMap":{"0":{"loc":{"start":{"line":5,"column":15},"end":{"line":5,"column":45}},"type":"binary-expr","locations":[{"start":{"line":5,"column":15},"end":{"line":5,"column":37}},{"start":{"line":5,"column":41},"end":{"line":5,"column":45}}],"line":5}},"s":{"0":1,"1":4},"f":{"0":4},"b":{"0":[4,4]},"inputSourceMap":null,"_coverageSchema":"1a1c01bbd47fc00a2c39e90264f33305004495a9","hash":"4594fd4386993577128163b781f551892c9d0221"}
}
