TN:
SF:middleware/auth.js
FN:5,(anonymous_0)
FN:38,(anonymous_1)
FN:39,(anonymous_2)
FNF:3
FNH:0
FNDA:0,(anonymous_0)
FNDA:0,(anonymous_1)
FNDA:0,(anonymous_2)
DA:5,1
DA:8,0
DA:9,0
DA:11,0
DA:14,0
DA:17,0
DA:19,0
DA:20,0
DA:23,0
DA:24,0
DA:27,0
DA:29,0
DA:30,0
DA:33,0
DA:38,1
DA:39,0
DA:40,0
DA:41,0
DA:44,0
DA:46,0
DA:47,0
DA:52,0
LF:22
LH:2
BRDA:8,0,0,0
BRDA:8,0,1,0
BRDA:8,1,0,0
BRDA:8,1,1,0
BRDA:19,2,0,0
BRDA:19,2,1,0
BRDA:23,3,0,0
BRDA:23,3,1,0
BRDA:40,4,0,0
BRDA:40,4,1,0
BRDA:46,5,0,0
BRDA:46,5,1,0
BRDA:46,6,0,0
BRDA:46,6,1,0
BRF:14
BRH:0
end_of_record
TN:
SF:models/Assignment.js
FNF:0
FNH:0
DA:3,0
DA:64,0
LF:2
LH:0
BRF:0
BRH:0
end_of_record
TN:
SF:models/Club.js
FNF:0
FNH:0
DA:3,0
DA:41,0
LF:2
LH:0
BRF:0
BRH:0
end_of_record
TN:
SF:models/Course.js
FNF:0
FNH:0
DA:3,0
DA:61,0
LF:2
LH:0
BRF:0
BRH:0
end_of_record
TN:
SF:models/Notification.js
FNF:0
FNH:0
DA:3,0
DA:37,0
LF:2
LH:0
BRF:0
BRH:0
end_of_record
TN:
SF:models/Role.js
FNF:0
FNH:0
DA:3,1
DA:23,1
LF:2
LH:2
BRF:0
BRH:0
end_of_record
TN:
SF:models/User.js
FN:63,(anonymous_0)
FN:72,(anonymous_1)
FNF:2
FNH:2
FNDA:7,(anonymous_0)
FNDA:2,(anonymous_1)
DA:4,1
DA:63,1
DA:64,7
DA:65,4
DA:67,7
DA:68,7
DA:72,1
DA:73,2
DA:76,1
LF:9
LH:9
BRDA:64,0,0,4
BRDA:64,0,1,3
BRF:2
BRH:2
end_of_record
TN:
SF:routes/authRoutes.js
FN:21,(anonymous_0)
FN:113,(anonymous_1)
FN:164,(anonymous_2)
FNF:3
FNH:2
FNDA:8,(anonymous_0)
FNDA:3,(anonymous_1)
FNDA:0,(anonymous_2)
DA:8,1
DA:13,1
DA:22,8
DA:23,8
DA:24,8
DA:25,2
DA:28,6
DA:31,6
DA:32,6
DA:33,3
DA:37,3
DA:38,1
DA:39,1
DA:40,0
DA:45,3
DA:46,3
DA:47,1
DA:51,3
DA:52,3
DA:53,0
DA:54,0
DA:55,0
DA:56,0
DA:57,0
DA:58,0
DA:64,3
DA:72,3
DA:73,3
DA:74,3
DA:75,0
DA:76,0
DA:77,0
DA:81,3
DA:84,3
DA:87,3
DA:88,3
DA:90,3
DA:102,3
DA:103,3
DA:110,1
DA:114,3
DA:115,3
DA:116,3
DA:117,0
DA:120,3
DA:123,3
DA:125,3
DA:126,1
DA:130,2
DA:131,0
DA:135,2
DA:136,2
DA:137,1
DA:141,1
DA:142,1
DA:144,1
DA:156,1
DA:157,1
DA:164,1
DA:165,0
DA:166,0
DA:167,0
DA:179,0
DA:180,0
LF:64
LH:47
BRDA:24,0,0,2
BRDA:24,0,1,6
BRDA:32,1,0,3
BRDA:32,1,1,3
BRDA:37,2,0,1
BRDA:37,2,1,2
BRDA:39,3,0,0
BRDA:39,3,1,1
BRDA:46,4,0,1
BRDA:46,4,1,2
BRDA:52,5,0,0
BRDA:52,5,1,3
BRDA:57,6,0,0
BRDA:57,6,1,0
BRDA:69,7,0,3
BRDA:69,7,1,2
BRDA:72,8,0,3
BRDA:72,8,1,0
BRDA:73,9,0,3
BRDA:73,9,1,2
BRDA:74,10,0,3
BRDA:74,10,1,2
BRDA:75,11,0,0
BRDA:75,11,1,0
BRDA:77,12,0,0
BRDA:77,12,1,0
BRDA:116,13,0,0
BRDA:116,13,1,3
BRDA:125,14,0,1
BRDA:125,14,1,2
BRDA:130,15,0,0
BRDA:130,15,1,2
BRDA:136,16,0,1
BRDA:136,16,1,1
BRF:34
BRH:23
end_of_record
TN:
SF:routes/clubRoutes.js
FN:14,(anonymous_0)
FN:30,(anonymous_1)
FN:55,(anonymous_2)
FN:84,(anonymous_3)
FN:114,(anonymous_4)
FN:151,(anonymous_5)
FN:179,(anonymous_6)
FN:231,(anonymous_7)
FN:245,(anonymous_8)
FN:269,(anonymous_9)
FN:305,(anonymous_10)
FN:306,(anonymous_11)
FN:332,(anonymous_12)
FN:366,(anonymous_13)
FN:375,(anonymous_14)
FNF:15
FNH:0
FNDA:0,(anonymous_0)
FNDA:0,(anonymous_1)
FNDA:0,(anonymous_2)
FNDA:0,(anonymous_3)
FNDA:0,(anonymous_4)
FNDA:0,(anonymous_5)
FNDA:0,(anonymous_6)
FNDA:0,(anonymous_7)
FNDA:0,(anonymous_8)
FNDA:0,(anonymous_9)
FNDA:0,(anonymous_10)
FNDA:0,(anonymous_11)
FNDA:0,(anonymous_12)
FNDA:0,(anonymous_13)
FNDA:0,(anonymous_14)
DA:9,0
DA:14,0
DA:15,0
DA:16,0
DA:20,0
DA:22,0
DA:23,0
DA:30,0
DA:31,0
DA:32,0
DA:36,0
DA:37,0
DA:40,0
DA:42,0
DA:43,0
DA:50,0
DA:56,0
DA:57,0
DA:58,0
DA:59,0
DA:62,0
DA:65,0
DA:66,0
DA:67,0
DA:70,0
DA:77,0
DA:80,0
DA:81,0
DA:82,0
DA:83,0
DA:84,0
DA:91,0
DA:92,0
DA:96,0
DA:99,0
DA:101,0
DA:102,0
DA:109,0
DA:115,0
DA:116,0
DA:117,0
DA:118,0
DA:121,0
DA:123,0
DA:124,0
DA:128,0
DA:129,0
DA:132,0
DA:134,0
DA:135,0
DA:137,0
DA:138,0
DA:139,0
DA:141,0
DA:143,0
DA:144,0
DA:151,0
DA:152,0
DA:153,0
DA:155,0
DA:156,0
DA:160,0
DA:161,0
DA:164,0
DA:165,0
DA:167,0
DA:168,0
DA:175,0
DA:180,0
DA:181,0
DA:182,0
DA:183,0
DA:186,0
DA:188,0
DA:189,0
DA:193,0
DA:194,0
DA:197,0
DA:198,0
DA:199,0
DA:201,0
DA:202,0
DA:205,0
DA:207,0
DA:208,0
DA:211,0
DA:212,0
DA:215,0
DA:216,0
DA:218,0
DA:219,0
DA:221,0
DA:223,0
DA:224,0
DA:231,0
DA:232,0
DA:233,0
DA:235,0
DA:236,0
DA:240,0
DA:241,0
DA:244,0
DA:245,0
DA:248,0
DA:249,0
DA:250,0
DA:252,0
DA:254,0
DA:255,0
DA:262,0
DA:270,0
DA:271,0
DA:272,0
DA:273,0
DA:276,0
DA:278,0
DA:279,0
DA:283,0
DA:284,0
DA:287,0
DA:289,0
DA:297,0
DA:299,0
DA:300,0
DA:301,0
DA:304,0
DA:305,0
DA:306,0
DA:315,0
DA:316,0
DA:319,0
DA:322,0
DA:324,0
DA:325,0
DA:332,0
DA:333,0
DA:334,0
DA:336,0
DA:337,0
DA:341,0
DA:342,0
DA:345,0
DA:346,0
DA:347,0
DA:350,0
DA:351,0
DA:353,0
DA:354,0
DA:356,0
DA:358,0
DA:359,0
DA:366,0
DA:367,0
DA:368,0
DA:370,0
DA:371,0
DA:375,0
DA:376,0
DA:379,0
DA:380,0
DA:381,0
DA:382,0
DA:384,0
DA:386,0
DA:387,0
LF:165
LH:0
BRDA:36,0,0,0
BRDA:36,0,1,0
BRDA:58,1,0,0
BRDA:58,1,1,0
BRDA:66,2,0,0
BRDA:66,2,1,0
BRDA:72,3,0,0
BRDA:72,3,1,0
BRDA:82,4,0,0
BRDA:82,4,1,0
BRDA:91,5,0,0
BRDA:91,5,1,0
BRDA:117,6,0,0
BRDA:117,6,1,0
BRDA:123,7,0,0
BRDA:123,7,1,0
BRDA:128,8,0,0
BRDA:128,8,1,0
BRDA:134,9,0,0
BRDA:134,9,1,0
BRDA:135,10,0,0
BRDA:135,10,1,0
BRDA:155,11,0,0
BRDA:155,11,1,0
BRDA:160,12,0,0
BRDA:160,12,1,0
BRDA:182,13,0,0
BRDA:182,13,1,0
BRDA:188,14,0,0
BRDA:188,14,1,0
BRDA:193,15,0,0
BRDA:193,15,1,0
BRDA:201,16,0,0
BRDA:201,16,1,0
BRDA:207,17,0,0
BRDA:207,17,1,0
BRDA:211,18,0,0
BRDA:211,18,1,0
BRDA:235,19,0,0
BRDA:235,19,1,0
BRDA:240,20,0,0
BRDA:240,20,1,0
BRDA:272,21,0,0
BRDA:272,21,1,0
BRDA:278,22,0,0
BRDA:278,22,1,0
BRDA:283,23,0,0
BRDA:283,23,1,0
BRDA:291,24,0,0
BRDA:291,24,1,0
BRDA:293,25,0,0
BRDA:293,25,1,0
BRDA:305,26,0,0
BRDA:305,26,1,0
BRDA:310,27,0,0
BRDA:310,27,1,0
BRDA:315,28,0,0
BRDA:315,28,1,0
BRDA:336,29,0,0
BRDA:336,29,1,0
BRDA:341,30,0,0
BRDA:341,30,1,0
BRDA:346,31,0,0
BRDA:346,31,1,0
BRDA:346,32,0,0
BRDA:346,32,1,0
BRDA:370,33,0,0
BRDA:370,33,1,0
BRDA:375,34,0,0
BRDA:375,34,1,0
BRF:70
BRH:0
end_of_record
TN:
SF:routes/notificationRoutes.js
FN:10,(anonymous_0)
FN:26,(anonymous_1)
FN:46,(anonymous_2)
FNF:3
FNH:0
FNDA:0,(anonymous_0)
FNDA:0,(anonymous_1)
FNDA:0,(anonymous_2)
DA:5,0
DA:10,0
DA:11,0
DA:12,0
DA:16,0
DA:18,0
DA:19,0
DA:26,0
DA:27,0
DA:28,0
DA:33,0
DA:34,0
DA:36,0
DA:38,0
DA:39,0
DA:46,0
DA:47,0
DA:48,0
DA:49,0
DA:51,0
DA:52,0
LF:21
LH:0
BRDA:33,0,0,0
BRDA:33,0,1,0
BRF:2
BRH:0
end_of_record
TN:
SF:utils/generateToken.js
FN:3,(anonymous_0)
FNF:1
FNH:1
FNDA:4,(anonymous_0)
DA:3,1
DA:4,4
LF:2
LH:2
BRDA:5,0,0,4
BRDA:5,0,1,4
BRF:2
BRH:2
end_of_record
