TN:
SF:middleware/auth.js
FN:5,(anonymous_0)
FN:38,(anonymous_1)
FN:39,(anonymous_2)
FNF:3
FNH:1
FNDA:0,(anonymous_0)
FNDA:1,(anonymous_1)
FNDA:0,(anonymous_2)
DA:5,1
DA:8,0
DA:9,0
DA:11,0
DA:14,0
DA:17,0
DA:19,0
DA:20,0
DA:23,0
DA:24,0
DA:27,0
DA:29,0
DA:30,0
DA:33,0
DA:38,1
DA:39,1
DA:40,0
DA:41,0
DA:44,0
DA:46,0
DA:47,0
DA:52,0
LF:22
LH:3
BRDA:8,0,0,0
BRDA:8,0,1,0
BRDA:8,1,0,0
BRDA:8,1,1,0
BRDA:19,2,0,0
BRDA:19,2,1,0
BRDA:23,3,0,0
BRDA:23,3,1,0
BRDA:40,4,0,0
BRDA:40,4,1,0
BRDA:46,5,0,0
BRDA:46,5,1,0
BRDA:46,6,0,0
BRDA:46,6,1,0
BRF:14
BRH:0
end_of_record
TN:
SF:models/Assignment.js
FNF:0
FNH:0
DA:3,0
DA:64,0
LF:2
LH:0
BRF:0
BRH:0
end_of_record
TN:
SF:models/Club.js
FNF:0
FNH:0
DA:3,0
DA:41,0
LF:2
LH:0
BRF:0
BRH:0
end_of_record
TN:
SF:models/Course.js
FNF:0
FNH:0
DA:3,0
DA:61,0
LF:2
LH:0
BRF:0
BRH:0
end_of_record
TN:
SF:models/CourseMaterial.js
FNF:0
FNH:0
DA:3,0
DA:14,0
LF:2
LH:0
BRF:0
BRH:0
end_of_record
TN:
SF:models/LibraryBook.js
FNF:0
FNH:0
DA:3,0
DA:15,0
LF:2
LH:0
BRF:0
BRH:0
end_of_record
TN:
SF:models/Notification.js
FNF:0
FNH:0
DA:3,0
DA:37,0
LF:2
LH:0
BRF:0
BRH:0
end_of_record
TN:
SF:models/Role.js
FNF:0
FNH:0
DA:3,1
DA:23,1
LF:2
LH:2
BRF:0
BRH:0
end_of_record
TN:
SF:models/User.js
FN:63,(anonymous_0)
FN:72,(anonymous_1)
FNF:2
FNH:2
FNDA:7,(anonymous_0)
FNDA:2,(anonymous_1)
DA:4,1
DA:63,1
DA:64,7
DA:65,4
DA:67,7
DA:68,7
DA:72,1
DA:73,2
DA:76,1
LF:9
LH:9
BRDA:64,0,0,4
BRDA:64,0,1,3
BRF:2
BRH:2
end_of_record
TN:
SF:routes/authRoutes.js
FN:26,(anonymous_0)
FN:102,(anonymous_1)
FN:195,(anonymous_2)
FN:260,(anonymous_3)
FNF:4
FNH:2
FNDA:8,(anonymous_0)
FNDA:3,(anonymous_1)
FNDA:0,(anonymous_2)
FNDA:0,(anonymous_3)
DA:8,1
DA:10,1
DA:11,1
DA:16,1
DA:27,8
DA:28,8
DA:29,8
DA:30,2
DA:33,6
DA:36,6
DA:37,0
DA:41,6
DA:42,6
DA:43,3
DA:47,3
DA:48,1
DA:49,1
DA:50,0
DA:55,3
DA:56,3
DA:57,1
DA:60,3
DA:70,3
DA:73,3
DA:76,3
DA:77,3
DA:79,3
DA:91,0
DA:92,0
DA:99,1
DA:103,3
DA:104,3
DA:105,3
DA:106,0
DA:109,3
DA:112,3
DA:113,0
DA:114,0
DA:115,0
DA:118,0
DA:120,0
DA:121,0
DA:127,0
DA:129,0
DA:130,0
DA:131,0
DA:132,0
DA:136,0
DA:137,0
DA:139,0
DA:149,3
DA:151,3
DA:152,1
DA:156,2
DA:157,0
DA:161,2
DA:162,2
DA:163,1
DA:167,1
DA:168,1
DA:170,1
DA:182,0
DA:183,0
DA:190,1
DA:196,0
DA:197,0
DA:198,0
DA:199,0
DA:202,0
DA:204,0
DA:205,0
DA:206,0
DA:209,0
DA:210,0
DA:211,0
DA:215,0
DA:216,0
DA:217,0
DA:218,0
DA:219,0
DA:220,0
DA:221,0
DA:226,0
DA:234,0
DA:235,0
DA:237,0
DA:239,0
DA:252,0
DA:253,0
DA:260,1
DA:261,0
DA:262,0
DA:263,0
DA:275,0
DA:276,0
LF:95
LH:43
BRDA:29,0,0,2
BRDA:29,0,1,6
BRDA:33,1,0,0
BRDA:36,2,0,0
BRDA:36,2,1,6
BRDA:42,3,0,3
BRDA:42,3,1,3
BRDA:47,4,0,1
BRDA:47,4,1,2
BRDA:49,5,0,0
BRDA:49,5,1,1
BRDA:56,6,0,1
BRDA:56,6,1,2
BRDA:65,7,0,3
BRDA:65,7,1,2
BRDA:66,8,0,3
BRDA:66,8,1,2
BRDA:67,9,0,3
BRDA:67,9,1,2
BRDA:105,10,0,0
BRDA:105,10,1,3
BRDA:112,11,0,0
BRDA:112,11,1,3
BRDA:112,12,0,3
BRDA:112,12,1,0
BRDA:114,13,0,0
BRDA:114,13,1,0
BRDA:120,14,0,0
BRDA:120,14,1,0
BRDA:129,15,0,0
BRDA:129,15,1,0
BRDA:151,16,0,1
BRDA:151,16,1,2
BRDA:156,17,0,0
BRDA:156,17,1,2
BRDA:162,18,0,1
BRDA:162,18,1,1
BRDA:198,19,0,0
BRDA:198,19,1,0
BRDA:205,20,0,0
BRDA:205,20,1,0
BRDA:210,21,0,0
BRDA:210,21,1,0
BRDA:215,22,0,0
BRDA:215,22,1,0
BRDA:220,23,0,0
BRDA:220,23,1,0
BRDA:227,24,0,0
BRDA:227,24,1,0
BRDA:231,25,0,0
BRDA:231,25,1,0
BRDA:237,26,0,0
BRDA:237,26,1,0
BRF:53
BRH:24
end_of_record
TN:
SF:routes/clubRoutes.js
FN:14,(anonymous_0)
FN:30,(anonymous_1)
FN:55,(anonymous_2)
FN:84,(anonymous_3)
FN:114,(anonymous_4)
FN:151,(anonymous_5)
FN:179,(anonymous_6)
FN:231,(anonymous_7)
FN:245,(anonymous_8)
FN:269,(anonymous_9)
FN:305,(anonymous_10)
FN:306,(anonymous_11)
FN:332,(anonymous_12)
FN:366,(anonymous_13)
FN:375,(anonymous_14)
FNF:15
FNH:0
FNDA:0,(anonymous_0)
FNDA:0,(anonymous_1)
FNDA:0,(anonymous_2)
FNDA:0,(anonymous_3)
FNDA:0,(anonymous_4)
FNDA:0,(anonymous_5)
FNDA:0,(anonymous_6)
FNDA:0,(anonymous_7)
FNDA:0,(anonymous_8)
FNDA:0,(anonymous_9)
FNDA:0,(anonymous_10)
FNDA:0,(anonymous_11)
FNDA:0,(anonymous_12)
FNDA:0,(anonymous_13)
FNDA:0,(anonymous_14)
DA:9,0
DA:14,0
DA:15,0
DA:16,0
DA:20,0
DA:22,0
DA:23,0
DA:30,0
DA:31,0
DA:32,0
DA:36,0
DA:37,0
DA:40,0
DA:42,0
DA:43,0
DA:50,0
DA:56,0
DA:57,0
DA:58,0
DA:59,0
DA:62,0
DA:65,0
DA:66,0
DA:67,0
DA:70,0
DA:77,0
DA:80,0
DA:81,0
DA:82,0
DA:83,0
DA:84,0
DA:91,0
DA:92,0
DA:96,0
DA:99,0
DA:101,0
DA:102,0
DA:109,0
DA:115,0
DA:116,0
DA:117,0
DA:118,0
DA:121,0
DA:123,0
DA:124,0
DA:128,0
DA:129,0
DA:132,0
DA:134,0
DA:135,0
DA:137,0
DA:138,0
DA:139,0
DA:141,0
DA:143,0
DA:144,0
DA:151,0
DA:152,0
DA:153,0
DA:155,0
DA:156,0
DA:160,0
DA:161,0
DA:164,0
DA:165,0
DA:167,0
DA:168,0
DA:175,0
DA:180,0
DA:181,0
DA:182,0
DA:183,0
DA:186,0
DA:188,0
DA:189,0
DA:193,0
DA:194,0
DA:197,0
DA:198,0
DA:199,0
DA:201,0
DA:202,0
DA:205,0
DA:207,0
DA:208,0
DA:211,0
DA:212,0
DA:215,0
DA:216,0
DA:218,0
DA:219,0
DA:221,0
DA:223,0
DA:224,0
DA:231,0
DA:232,0
DA:233,0
DA:235,0
DA:236,0
DA:240,0
DA:241,0
DA:244,0
DA:245,0
DA:248,0
DA:249,0
DA:250,0
DA:252,0
DA:254,0
DA:255,0
DA:262,0
DA:270,0
DA:271,0
DA:272,0
DA:273,0
DA:276,0
DA:278,0
DA:279,0
DA:283,0
DA:284,0
DA:287,0
DA:289,0
DA:297,0
DA:299,0
DA:300,0
DA:301,0
DA:304,0
DA:305,0
DA:306,0
DA:315,0
DA:316,0
DA:319,0
DA:322,0
DA:324,0
DA:325,0
DA:332,0
DA:333,0
DA:334,0
DA:336,0
DA:337,0
DA:341,0
DA:342,0
DA:345,0
DA:346,0
DA:347,0
DA:350,0
DA:351,0
DA:353,0
DA:354,0
DA:356,0
DA:358,0
DA:359,0
DA:366,0
DA:367,0
DA:368,0
DA:370,0
DA:371,0
DA:375,0
DA:376,0
DA:379,0
DA:380,0
DA:381,0
DA:382,0
DA:384,0
DA:386,0
DA:387,0
LF:165
LH:0
BRDA:36,0,0,0
BRDA:36,0,1,0
BRDA:58,1,0,0
BRDA:58,1,1,0
BRDA:66,2,0,0
BRDA:66,2,1,0
BRDA:72,3,0,0
BRDA:72,3,1,0
BRDA:82,4,0,0
BRDA:82,4,1,0
BRDA:91,5,0,0
BRDA:91,5,1,0
BRDA:117,6,0,0
BRDA:117,6,1,0
BRDA:123,7,0,0
BRDA:123,7,1,0
BRDA:128,8,0,0
BRDA:128,8,1,0
BRDA:134,9,0,0
BRDA:134,9,1,0
BRDA:135,10,0,0
BRDA:135,10,1,0
BRDA:155,11,0,0
BRDA:155,11,1,0
BRDA:160,12,0,0
BRDA:160,12,1,0
BRDA:182,13,0,0
BRDA:182,13,1,0
BRDA:188,14,0,0
BRDA:188,14,1,0
BRDA:193,15,0,0
BRDA:193,15,1,0
BRDA:201,16,0,0
BRDA:201,16,1,0
BRDA:207,17,0,0
BRDA:207,17,1,0
BRDA:211,18,0,0
BRDA:211,18,1,0
BRDA:235,19,0,0
BRDA:235,19,1,0
BRDA:240,20,0,0
BRDA:240,20,1,0
BRDA:272,21,0,0
BRDA:272,21,1,0
BRDA:278,22,0,0
BRDA:278,22,1,0
BRDA:283,23,0,0
BRDA:283,23,1,0
BRDA:291,24,0,0
BRDA:291,24,1,0
BRDA:293,25,0,0
BRDA:293,25,1,0
BRDA:305,26,0,0
BRDA:305,26,1,0
BRDA:310,27,0,0
BRDA:310,27,1,0
BRDA:315,28,0,0
BRDA:315,28,1,0
BRDA:336,29,0,0
BRDA:336,29,1,0
BRDA:341,30,0,0
BRDA:341,30,1,0
BRDA:346,31,0,0
BRDA:346,31,1,0
BRDA:346,32,0,0
BRDA:346,32,1,0
BRDA:370,33,0,0
BRDA:370,33,1,0
BRDA:375,34,0,0
BRDA:375,34,1,0
BRF:70
BRH:0
end_of_record
TN:
SF:routes/libraryRoutes.js
FN:17,(anonymous_0)
FN:20,(anonymous_1)
FN:31,(anonymous_2)
FN:48,(anonymous_3)
FN:53,(anonymous_4)
FN:65,(anonymous_5)
FN:85,(anonymous_6)
FN:116,(anonymous_7)
FN:138,(anonymous_8)
FN:157,(anonymous_9)
FN:171,(anonymous_10)
FN:194,(anonymous_11)
FN:216,(anonymous_12)
FN:239,(anonymous_13)
FN:245,(anonymous_14)
FN:261,(anonymous_15)
FNF:16
FNH:0
FNDA:0,(anonymous_0)
FNDA:0,(anonymous_1)
FNDA:0,(anonymous_2)
FNDA:0,(anonymous_3)
FNDA:0,(anonymous_4)
FNDA:0,(anonymous_5)
FNDA:0,(anonymous_6)
FNDA:0,(anonymous_7)
FNDA:0,(anonymous_8)
FNDA:0,(anonymous_9)
FNDA:0,(anonymous_10)
FNDA:0,(anonymous_11)
FNDA:0,(anonymous_12)
FNDA:0,(anonymous_13)
FNDA:0,(anonymous_14)
FNDA:0,(anonymous_15)
DA:13,0
DA:14,0
DA:16,0
DA:18,0
DA:22,0
DA:23,0
DA:24,0
DA:25,0
DA:29,0
DA:32,0
DA:33,0
DA:34,0
DA:35,0
DA:37,0
DA:42,0
DA:45,0
DA:48,0
DA:49,0
DA:53,0
DA:54,0
DA:55,0
DA:56,0
DA:57,0
DA:59,0
DA:60,0
DA:65,0
DA:66,0
DA:67,0
DA:68,0
DA:69,0
DA:70,0
DA:75,0
DA:76,0
DA:77,0
DA:79,0
DA:80,0
DA:85,0
DA:86,0
DA:87,0
DA:90,0
DA:91,0
DA:94,0
DA:95,0
DA:98,0
DA:101,0
DA:112,0
DA:113,0
DA:114,0
DA:115,0
DA:116,0
DA:122,0
DA:123,0
DA:127,0
DA:130,0
DA:132,0
DA:133,0
DA:138,0
DA:139,0
DA:140,0
DA:141,0
DA:142,0
DA:143,0
DA:145,0
DA:146,0
DA:148,0
DA:149,0
DA:151,0
DA:154,0
DA:155,0
DA:156,0
DA:157,0
DA:161,0
DA:162,0
DA:165,0
DA:166,0
DA:167,0
DA:168,0
DA:169,0
DA:170,0
DA:171,0
DA:177,0
DA:178,0
DA:182,0
DA:186,0
DA:188,0
DA:189,0
DA:194,0
DA:195,0
DA:196,0
DA:197,0
DA:198,0
DA:201,0
DA:202,0
DA:203,0
DA:204,0
DA:209,0
DA:212,0
DA:213,0
DA:214,0
DA:215,0
DA:216,0
DA:222,0
DA:223,0
DA:227,0
DA:230,0
DA:232,0
DA:233,0
DA:239,0
DA:240,0
DA:241,0
DA:242,0
DA:243,0
DA:244,0
DA:245,0
DA:255,0
DA:256,0
DA:261,0
DA:262,0
DA:263,0
DA:264,0
DA:265,0
DA:267,0
DA:268,0
LF:123
LH:0
BRDA:14,0,0,0
BRDA:14,0,1,0
BRDA:22,1,0,0
BRDA:22,1,1,0
BRDA:23,2,0,0
BRDA:23,2,1,0
BRDA:32,3,0,0
BRDA:32,3,1,0
BRDA:33,4,0,0
BRDA:33,4,1,0
BRDA:34,5,0,0
BRDA:34,5,1,0
BRDA:69,6,0,0
BRDA:69,6,1,0
BRDA:75,7,0,0
BRDA:75,7,1,0
BRDA:90,8,0,0
BRDA:90,8,1,0
BRDA:94,9,0,0
BRDA:94,9,1,0
BRDA:106,10,0,0
BRDA:106,10,1,0
BRDA:106,11,0,0
BRDA:106,11,1,0
BRDA:114,12,0,0
BRDA:114,12,1,0
BRDA:122,13,0,0
BRDA:122,13,1,0
BRDA:142,14,0,0
BRDA:142,14,1,0
BRDA:143,15,0,0
BRDA:143,15,1,0
BRDA:143,16,0,0
BRDA:143,16,1,0
BRDA:145,17,0,0
BRDA:145,17,1,0
BRDA:149,18,0,0
BRDA:149,18,1,0
BRDA:154,19,0,0
BRDA:154,19,1,0
BRDA:154,20,0,0
BRDA:154,20,1,0
BRDA:156,21,0,0
BRDA:156,21,1,0
BRDA:157,22,0,0
BRDA:157,22,1,0
BRDA:165,23,0,0
BRDA:165,23,1,0
BRDA:165,24,0,0
BRDA:165,24,1,0
BRDA:168,25,0,0
BRDA:168,25,1,0
BRDA:170,26,0,0
BRDA:170,26,1,0
BRDA:177,27,0,0
BRDA:177,27,1,0
BRDA:198,28,0,0
BRDA:198,28,1,0
BRDA:201,29,0,0
BRDA:201,29,1,0
BRDA:203,30,0,0
BRDA:203,30,1,0
BRDA:214,31,0,0
BRDA:214,31,1,0
BRDA:222,32,0,0
BRDA:222,32,1,0
BRDA:243,33,0,0
BRDA:243,33,1,0
BRDA:252,34,0,0
BRDA:252,34,1,0
BRF:70
BRH:0
end_of_record
TN:
SF:routes/notificationRoutes.js
FN:10,(anonymous_0)
FN:26,(anonymous_1)
FN:46,(anonymous_2)
FNF:3
FNH:0
FNDA:0,(anonymous_0)
FNDA:0,(anonymous_1)
FNDA:0,(anonymous_2)
DA:5,0
DA:10,0
DA:11,0
DA:12,0
DA:16,0
DA:18,0
DA:19,0
DA:26,0
DA:27,0
DA:28,0
DA:33,0
DA:34,0
DA:36,0
DA:38,0
DA:39,0
DA:46,0
DA:47,0
DA:48,0
DA:49,0
DA:51,0
DA:52,0
LF:21
LH:0
BRDA:33,0,0,0
BRDA:33,0,1,0
BRF:2
BRH:0
end_of_record
TN:
SF:utils/generateToken.js
FN:4,(anonymous_0)
FNF:1
FNH:1
FNDA:9,(anonymous_0)
DA:4,2
DA:5,9
DA:6,9
LF:3
LH:3
BRDA:5,0,0,9
BRDA:5,0,1,9
BRDA:7,1,0,9
BRDA:7,1,1,9
BRF:4
BRH:4
end_of_record
